2023/05/27 19:20:36 [emerg] 1#1: host not found in upstream "back" in /etc/nginx/conf.d/nginx.conf:9
2023/05/27 19:20:47 [emerg] 1#1: host not found in upstream "back" in /etc/nginx/conf.d/nginx.conf:9
2023/05/27 19:20:58 [emerg] 1#1: host not found in upstream "back" in /etc/nginx/conf.d/nginx.conf:9
2023/05/27 19:21:10 [emerg] 1#1: host not found in upstream "back" in /etc/nginx/conf.d/nginx.conf:9
2023/05/27 19:21:21 [emerg] 1#1: host not found in upstream "back" in /etc/nginx/conf.d/nginx.conf:9
2023/05/27 19:21:32 [emerg] 1#1: host not found in upstream "back" in /etc/nginx/conf.d/nginx.conf:9
2023/05/27 19:21:43 [emerg] 1#1: host not found in upstream "back" in /etc/nginx/conf.d/nginx.conf:9
2023/05/27 19:21:54 [emerg] 1#1: host not found in upstream "back" in /etc/nginx/conf.d/nginx.conf:9
2023/05/27 19:22:06 [emerg] 1#1: host not found in upstream "back" in /etc/nginx/conf.d/nginx.conf:9
2023/05/27 19:22:17 [emerg] 1#1: host not found in upstream "back" in /etc/nginx/conf.d/nginx.conf:9
2023/05/27 19:22:28 [emerg] 1#1: host not found in upstream "back" in /etc/nginx/conf.d/nginx.conf:9
2023/05/27 19:22:39 [emerg] 1#1: host not found in upstream "back" in /etc/nginx/conf.d/nginx.conf:9
2023/05/27 19:22:50 [emerg] 1#1: host not found in upstream "back" in /etc/nginx/conf.d/nginx.conf:9
2023/05/27 19:23:02 [emerg] 1#1: host not found in upstream "back" in /etc/nginx/conf.d/nginx.conf:9
2023/05/27 19:23:13 [emerg] 1#1: host not found in upstream "back" in /etc/nginx/conf.d/nginx.conf:9
2023/05/27 19:23:24 [emerg] 1#1: host not found in upstream "back" in /etc/nginx/conf.d/nginx.conf:9
2023/05/27 19:23:35 [emerg] 1#1: host not found in upstream "back" in /etc/nginx/conf.d/nginx.conf:9
2023/05/27 19:23:46 [emerg] 1#1: host not found in upstream "back" in /etc/nginx/conf.d/nginx.conf:9
2023/05/27 19:23:58 [emerg] 1#1: host not found in upstream "back" in /etc/nginx/conf.d/nginx.conf:9
2023/05/27 19:24:09 [emerg] 1#1: host not found in upstream "back" in /etc/nginx/conf.d/nginx.conf:9
2023/05/27 19:24:20 [emerg] 1#1: host not found in upstream "back" in /etc/nginx/conf.d/nginx.conf:9
2023/05/27 19:25:31 [notice] 1#1: using the "epoll" event method
2023/05/27 19:25:31 [notice] 1#1: nginx/1.23.4
2023/05/27 19:25:31 [notice] 1#1: built by gcc 10.2.1 20210110 (Debian 10.2.1-6) 
2023/05/27 19:25:31 [notice] 1#1: OS: Linux 5.15.49-linuxkit
2023/05/27 19:25:31 [notice] 1#1: getrlimit(RLIMIT_NOFILE): 1048576:1048576
2023/05/27 19:25:31 [notice] 1#1: start worker processes
2023/05/27 19:25:31 [notice] 1#1: start worker process 19
2023/05/27 19:25:31 [notice] 1#1: start worker process 20
2023/05/27 19:25:31 [notice] 1#1: start worker process 21
2023/05/27 19:25:31 [notice] 1#1: start worker process 22
2023/05/27 19:26:57 [notice] 1#1: signal 3 (SIGQUIT) received, shutting down
2023/05/27 19:26:57 [notice] 19#19: gracefully shutting down
2023/05/27 19:26:57 [notice] 21#21: gracefully shutting down
2023/05/27 19:26:57 [notice] 21#21: exiting
2023/05/27 19:26:57 [notice] 21#21: exit
2023/05/27 19:26:57 [notice] 20#20: gracefully shutting down
2023/05/27 19:26:57 [notice] 20#20: exiting
2023/05/27 19:26:57 [notice] 22#22: gracefully shutting down
2023/05/27 19:26:57 [notice] 19#19: exiting
2023/05/27 19:26:57 [notice] 20#20: exit
2023/05/27 19:26:57 [notice] 22#22: exiting
2023/05/27 19:26:57 [notice] 19#19: exit
2023/05/27 19:26:57 [notice] 22#22: exit
2023/05/27 19:26:57 [notice] 1#1: signal 17 (SIGCHLD) received from 21
2023/05/27 19:26:57 [notice] 1#1: worker process 19 exited with code 0
2023/05/27 19:26:57 [notice] 1#1: worker process 20 exited with code 0
2023/05/27 19:26:57 [notice] 1#1: worker process 21 exited with code 0
2023/05/27 19:26:57 [notice] 1#1: worker process 22 exited with code 0
2023/05/27 19:26:57 [notice] 1#1: exit
2023/05/27 19:44:57 [notice] 1#1: using the "epoll" event method
2023/05/27 19:44:57 [notice] 1#1: nginx/1.23.4
2023/05/27 19:44:57 [notice] 1#1: built by gcc 10.2.1 20210110 (Debian 10.2.1-6) 
2023/05/27 19:44:57 [notice] 1#1: OS: Linux 5.15.49-linuxkit
2023/05/27 19:44:57 [notice] 1#1: getrlimit(RLIMIT_NOFILE): 1048576:1048576
2023/05/27 19:44:57 [notice] 1#1: start worker processes
2023/05/27 19:44:57 [notice] 1#1: start worker process 20
2023/05/27 19:44:57 [notice] 1#1: start worker process 21
2023/05/27 19:44:57 [notice] 1#1: start worker process 22
2023/05/27 19:44:57 [notice] 1#1: start worker process 23
2023/05/27 19:45:48 [notice] 1#1: signal 3 (SIGQUIT) received, shutting down
2023/05/27 19:45:48 [notice] 20#20: gracefully shutting down
2023/05/27 19:45:48 [notice] 22#22: gracefully shutting down
2023/05/27 19:45:48 [notice] 22#22: exiting
2023/05/27 19:45:48 [notice] 21#21: gracefully shutting down
2023/05/27 19:45:48 [notice] 23#23: gracefully shutting down
2023/05/27 19:45:48 [notice] 20#20: exiting
2023/05/27 19:45:48 [notice] 22#22: exit
2023/05/27 19:45:48 [notice] 21#21: exiting
2023/05/27 19:45:48 [notice] 23#23: exiting
2023/05/27 19:45:48 [notice] 23#23: exit
2023/05/27 19:45:48 [notice] 20#20: exit
2023/05/27 19:45:48 [notice] 21#21: exit
2023/05/27 19:45:48 [notice] 1#1: signal 17 (SIGCHLD) received from 22
2023/05/27 19:45:48 [notice] 1#1: worker process 22 exited with code 0
2023/05/27 19:45:48 [notice] 1#1: signal 29 (SIGIO) received
2023/05/27 19:45:48 [notice] 1#1: signal 17 (SIGCHLD) received from 23
2023/05/27 19:45:48 [notice] 1#1: worker process 23 exited with code 0
2023/05/27 19:45:48 [notice] 1#1: signal 29 (SIGIO) received
2023/05/27 19:45:48 [notice] 1#1: signal 17 (SIGCHLD) received from 20
2023/05/27 19:45:48 [notice] 1#1: worker process 20 exited with code 0
2023/05/27 19:45:48 [notice] 1#1: signal 17 (SIGCHLD) received from 21
2023/05/27 19:45:48 [notice] 1#1: worker process 21 exited with code 0
2023/05/27 19:45:48 [notice] 1#1: exit
2023/05/27 19:54:38 [notice] 1#1: using the "epoll" event method
2023/05/27 19:54:38 [notice] 1#1: nginx/1.23.4
2023/05/27 19:54:38 [notice] 1#1: built by gcc 10.2.1 20210110 (Debian 10.2.1-6) 
2023/05/27 19:54:38 [notice] 1#1: OS: Linux 5.15.49-linuxkit
2023/05/27 19:54:38 [notice] 1#1: getrlimit(RLIMIT_NOFILE): 1048576:1048576
2023/05/27 19:54:38 [notice] 1#1: start worker processes
2023/05/27 19:54:38 [notice] 1#1: start worker process 19
2023/05/27 19:54:38 [notice] 1#1: start worker process 20
2023/05/27 19:54:38 [notice] 1#1: start worker process 21
2023/05/27 19:54:38 [notice] 1#1: start worker process 22
2023/05/27 20:03:45 [notice] 1#1: signal 3 (SIGQUIT) received, shutting down
2023/05/27 20:03:45 [notice] 19#19: gracefully shutting down
2023/05/27 20:03:45 [notice] 20#20: gracefully shutting down
2023/05/27 20:03:45 [notice] 21#21: gracefully shutting down
2023/05/27 20:03:45 [notice] 21#21: exiting
2023/05/27 20:03:45 [notice] 22#22: gracefully shutting down
2023/05/27 20:03:45 [notice] 19#19: exiting
2023/05/27 20:03:45 [notice] 20#20: exiting
2023/05/27 20:03:45 [notice] 21#21: exit
2023/05/27 20:03:45 [notice] 22#22: exiting
2023/05/27 20:03:45 [notice] 22#22: exit
2023/05/27 20:03:45 [notice] 19#19: exit
2023/05/27 20:03:45 [notice] 20#20: exit
2023/05/27 20:03:45 [notice] 1#1: signal 17 (SIGCHLD) received from 21
2023/05/27 20:03:45 [notice] 1#1: worker process 21 exited with code 0
2023/05/27 20:03:45 [notice] 1#1: signal 29 (SIGIO) received
2023/05/27 20:03:45 [notice] 1#1: signal 17 (SIGCHLD) received from 22
2023/05/27 20:03:45 [notice] 1#1: worker process 22 exited with code 0
2023/05/27 20:03:45 [notice] 1#1: signal 29 (SIGIO) received
2023/05/27 20:03:45 [notice] 1#1: signal 17 (SIGCHLD) received from 19
2023/05/27 20:03:45 [notice] 1#1: worker process 19 exited with code 0
2023/05/27 20:03:45 [notice] 1#1: signal 29 (SIGIO) received
2023/05/27 20:03:45 [notice] 1#1: signal 17 (SIGCHLD) received from 20
2023/05/27 20:03:45 [notice] 1#1: worker process 20 exited with code 0
2023/05/27 20:03:45 [notice] 1#1: exit
2023/05/27 20:04:13 [notice] 1#1: using the "epoll" event method
2023/05/27 20:04:13 [notice] 1#1: nginx/1.23.4
2023/05/27 20:04:13 [notice] 1#1: built by gcc 10.2.1 20210110 (Debian 10.2.1-6) 
2023/05/27 20:04:13 [notice] 1#1: OS: Linux 5.15.49-linuxkit
2023/05/27 20:04:13 [notice] 1#1: getrlimit(RLIMIT_NOFILE): 1048576:1048576
2023/05/27 20:04:13 [notice] 1#1: start worker processes
2023/05/27 20:04:13 [notice] 1#1: start worker process 19
2023/05/27 20:04:13 [notice] 1#1: start worker process 20
2023/05/27 20:04:13 [notice] 1#1: start worker process 21
2023/05/27 20:04:13 [notice] 1#1: start worker process 22
2023/05/27 20:07:49 [notice] 1#1: signal 3 (SIGQUIT) received, shutting down
2023/05/27 20:07:49 [notice] 20#20: gracefully shutting down
2023/05/27 20:07:49 [notice] 21#21: gracefully shutting down
2023/05/27 20:07:49 [notice] 22#22: gracefully shutting down
2023/05/27 20:07:49 [notice] 19#19: gracefully shutting down
2023/05/27 20:07:49 [notice] 19#19: exiting
2023/05/27 20:07:49 [notice] 20#20: exiting
2023/05/27 20:07:49 [notice] 20#20: exit
2023/05/27 20:07:49 [notice] 21#21: exiting
2023/05/27 20:07:49 [notice] 22#22: exiting
2023/05/27 20:07:49 [notice] 19#19: exit
2023/05/27 20:07:49 [notice] 21#21: exit
2023/05/27 20:07:49 [notice] 22#22: exit
2023/05/27 20:07:49 [notice] 1#1: signal 17 (SIGCHLD) received from 19
2023/05/27 20:07:49 [notice] 1#1: worker process 19 exited with code 0
2023/05/27 20:07:49 [notice] 1#1: worker process 20 exited with code 0
2023/05/27 20:07:49 [notice] 1#1: worker process 21 exited with code 0
2023/05/27 20:07:49 [notice] 1#1: signal 29 (SIGIO) received
2023/05/27 20:07:49 [notice] 1#1: signal 17 (SIGCHLD) received from 20
2023/05/27 20:07:49 [notice] 1#1: signal 17 (SIGCHLD) received from 22
2023/05/27 20:07:49 [notice] 1#1: worker process 22 exited with code 0
2023/05/27 20:07:49 [notice] 1#1: exit
2023/05/27 20:08:13 [notice] 1#1: using the "epoll" event method
2023/05/27 20:08:13 [notice] 1#1: nginx/1.23.4
2023/05/27 20:08:13 [notice] 1#1: built by gcc 10.2.1 20210110 (Debian 10.2.1-6) 
2023/05/27 20:08:13 [notice] 1#1: OS: Linux 5.15.49-linuxkit
2023/05/27 20:08:13 [notice] 1#1: getrlimit(RLIMIT_NOFILE): 1048576:1048576
2023/05/27 20:08:13 [notice] 1#1: start worker processes
2023/05/27 20:08:13 [notice] 1#1: start worker process 20
2023/05/27 20:08:13 [notice] 1#1: start worker process 21
2023/05/27 20:08:13 [notice] 1#1: start worker process 22
2023/05/27 20:08:13 [notice] 1#1: start worker process 23
2023/05/27 20:10:08 [notice] 1#1: signal 3 (SIGQUIT) received, shutting down
2023/05/27 20:10:08 [notice] 20#20: gracefully shutting down
2023/05/27 20:10:08 [notice] 22#22: gracefully shutting down
2023/05/27 20:10:08 [notice] 22#22: exiting
2023/05/27 20:10:08 [notice] 21#21: gracefully shutting down
2023/05/27 20:10:08 [notice] 21#21: exiting
2023/05/27 20:10:08 [notice] 23#23: gracefully shutting down
2023/05/27 20:10:08 [notice] 20#20: exiting
2023/05/27 20:10:08 [notice] 22#22: exit
2023/05/27 20:10:08 [notice] 21#21: exit
2023/05/27 20:10:08 [notice] 23#23: exiting
2023/05/27 20:10:08 [notice] 20#20: exit
2023/05/27 20:10:08 [notice] 23#23: exit
2023/05/27 20:10:08 [notice] 1#1: signal 17 (SIGCHLD) received from 22
2023/05/27 20:10:08 [notice] 1#1: worker process 22 exited with code 0
2023/05/27 20:10:08 [notice] 1#1: worker process 21 exited with code 0
2023/05/27 20:10:08 [notice] 1#1: signal 29 (SIGIO) received
2023/05/27 20:10:08 [notice] 1#1: signal 17 (SIGCHLD) received from 21
2023/05/27 20:10:08 [notice] 1#1: signal 17 (SIGCHLD) received from 20
2023/05/27 20:10:08 [notice] 1#1: worker process 20 exited with code 0
2023/05/27 20:10:08 [notice] 1#1: worker process 23 exited with code 0
2023/05/27 20:10:08 [notice] 1#1: exit
2023/05/27 20:10:30 [notice] 1#1: using the "epoll" event method
2023/05/27 20:10:30 [notice] 1#1: nginx/1.23.4
2023/05/27 20:10:30 [notice] 1#1: built by gcc 10.2.1 20210110 (Debian 10.2.1-6) 
2023/05/27 20:10:30 [notice] 1#1: OS: Linux 5.15.49-linuxkit
2023/05/27 20:10:30 [notice] 1#1: getrlimit(RLIMIT_NOFILE): 1048576:1048576
2023/05/27 20:10:30 [notice] 1#1: start worker processes
2023/05/27 20:10:30 [notice] 1#1: start worker process 19
2023/05/27 20:10:30 [notice] 1#1: start worker process 20
2023/05/27 20:10:30 [notice] 1#1: start worker process 21
2023/05/27 20:10:30 [notice] 1#1: start worker process 22
2023/05/27 20:29:29 [notice] 1#1: signal 3 (SIGQUIT) received, shutting down
2023/05/27 20:29:29 [notice] 21#21: gracefully shutting down
2023/05/27 20:29:29 [notice] 20#20: gracefully shutting down
2023/05/27 20:29:29 [notice] 21#21: exiting
2023/05/27 20:29:29 [notice] 22#22: gracefully shutting down
2023/05/27 20:29:29 [notice] 22#22: exiting
2023/05/27 20:29:29 [notice] 19#19: gracefully shutting down
2023/05/27 20:29:29 [notice] 20#20: exiting
2023/05/27 20:29:29 [notice] 21#21: exit
2023/05/27 20:29:29 [notice] 22#22: exit
2023/05/27 20:29:29 [notice] 19#19: exiting
2023/05/27 20:29:29 [notice] 20#20: exit
2023/05/27 20:29:29 [notice] 19#19: exit
2023/05/27 20:29:29 [notice] 1#1: signal 17 (SIGCHLD) received from 21
2023/05/27 20:29:29 [notice] 1#1: worker process 20 exited with code 0
2023/05/27 20:29:29 [notice] 1#1: worker process 19 exited with code 0
2023/05/27 20:29:29 [notice] 1#1: worker process 21 exited with code 0
2023/05/27 20:29:29 [notice] 1#1: worker process 22 exited with code 0
2023/05/27 20:29:29 [notice] 1#1: exit
2023/05/27 20:29:37 [notice] 1#1: using the "epoll" event method
2023/05/27 20:29:37 [notice] 1#1: nginx/1.23.4
2023/05/27 20:29:37 [notice] 1#1: built by gcc 10.2.1 20210110 (Debian 10.2.1-6) 
2023/05/27 20:29:37 [notice] 1#1: OS: Linux 5.15.49-linuxkit
2023/05/27 20:29:37 [notice] 1#1: getrlimit(RLIMIT_NOFILE): 1048576:1048576
2023/05/27 20:29:37 [notice] 1#1: start worker processes
2023/05/27 20:29:37 [notice] 1#1: start worker process 20
2023/05/27 20:29:37 [notice] 1#1: start worker process 21
2023/05/27 20:29:37 [notice] 1#1: start worker process 22
2023/05/27 20:29:37 [notice] 1#1: start worker process 23
2023/05/27 20:30:19 [notice] 1#1: signal 3 (SIGQUIT) received, shutting down
2023/05/27 20:30:19 [notice] 21#21: gracefully shutting down
2023/05/27 20:30:19 [notice] 20#20: gracefully shutting down
2023/05/27 20:30:19 [notice] 22#22: gracefully shutting down
2023/05/27 20:30:19 [notice] 23#23: gracefully shutting down
2023/05/27 20:30:19 [notice] 21#21: exiting
2023/05/27 20:30:19 [notice] 20#20: exiting
2023/05/27 20:30:19 [notice] 21#21: exit
2023/05/27 20:30:19 [notice] 20#20: exit
2023/05/27 20:30:19 [notice] 22#22: exiting
2023/05/27 20:30:19 [notice] 22#22: exit
2023/05/27 20:30:19 [notice] 23#23: exiting
2023/05/27 20:30:19 [notice] 23#23: exit
2023/05/27 20:30:19 [notice] 1#1: signal 17 (SIGCHLD) received from 21
2023/05/27 20:30:19 [notice] 1#1: worker process 21 exited with code 0
2023/05/27 20:30:19 [notice] 1#1: signal 29 (SIGIO) received
2023/05/27 20:30:19 [notice] 1#1: signal 17 (SIGCHLD) received from 20
2023/05/27 20:30:19 [notice] 1#1: worker process 20 exited with code 0
2023/05/27 20:30:19 [notice] 1#1: worker process 22 exited with code 0
2023/05/27 20:30:19 [notice] 1#1: signal 29 (SIGIO) received
2023/05/27 20:30:19 [notice] 1#1: signal 17 (SIGCHLD) received from 22
2023/05/27 20:30:19 [notice] 1#1: signal 17 (SIGCHLD) received from 23
2023/05/27 20:30:19 [notice] 1#1: worker process 23 exited with code 0
2023/05/27 20:30:19 [notice] 1#1: exit
2023/05/27 20:30:41 [notice] 1#1: using the "epoll" event method
2023/05/27 20:30:41 [notice] 1#1: nginx/1.23.4
2023/05/27 20:30:41 [notice] 1#1: built by gcc 10.2.1 20210110 (Debian 10.2.1-6) 
2023/05/27 20:30:41 [notice] 1#1: OS: Linux 5.15.49-linuxkit
2023/05/27 20:30:41 [notice] 1#1: getrlimit(RLIMIT_NOFILE): 1048576:1048576
2023/05/27 20:30:41 [notice] 1#1: start worker processes
2023/05/27 20:30:41 [notice] 1#1: start worker process 21
2023/05/27 20:30:41 [notice] 1#1: start worker process 22
2023/05/27 20:30:41 [notice] 1#1: start worker process 23
2023/05/27 20:30:41 [notice] 1#1: start worker process 24
2023/05/27 20:33:58 [notice] 1#1: signal 3 (SIGQUIT) received, shutting down
2023/05/27 20:33:58 [notice] 24#24: gracefully shutting down
2023/05/27 20:33:58 [notice] 22#22: gracefully shutting down
2023/05/27 20:33:58 [notice] 21#21: gracefully shutting down
2023/05/27 20:33:58 [notice] 23#23: gracefully shutting down
2023/05/27 20:33:58 [notice] 24#24: exiting
2023/05/27 20:33:58 [notice] 22#22: exiting
2023/05/27 20:33:58 [notice] 21#21: exiting
2023/05/27 20:33:58 [notice] 23#23: exiting
2023/05/27 20:33:58 [notice] 24#24: exit
2023/05/27 20:33:58 [notice] 22#22: exit
2023/05/27 20:33:58 [notice] 21#21: exit
2023/05/27 20:33:58 [notice] 23#23: exit
2023/05/27 20:33:58 [notice] 1#1: signal 17 (SIGCHLD) received from 24
2023/05/27 20:33:58 [notice] 1#1: worker process 22 exited with code 0
2023/05/27 20:33:58 [notice] 1#1: worker process 23 exited with code 0
2023/05/27 20:33:58 [notice] 1#1: worker process 24 exited with code 0
2023/05/27 20:33:58 [notice] 1#1: signal 29 (SIGIO) received
2023/05/27 20:33:58 [notice] 1#1: signal 17 (SIGCHLD) received from 22
2023/05/27 20:33:58 [notice] 1#1: signal 17 (SIGCHLD) received from 21
2023/05/27 20:33:58 [notice] 1#1: worker process 21 exited with code 0
2023/05/27 20:33:58 [notice] 1#1: exit
2023/05/27 20:34:23 [notice] 1#1: using the "epoll" event method
2023/05/27 20:34:23 [notice] 1#1: nginx/1.23.4
2023/05/27 20:34:23 [notice] 1#1: built by gcc 10.2.1 20210110 (Debian 10.2.1-6) 
2023/05/27 20:34:23 [notice] 1#1: OS: Linux 5.15.49-linuxkit
2023/05/27 20:34:23 [notice] 1#1: getrlimit(RLIMIT_NOFILE): 1048576:1048576
2023/05/27 20:34:23 [notice] 1#1: start worker processes
2023/05/27 20:34:23 [notice] 1#1: start worker process 20
2023/05/27 20:34:23 [notice] 1#1: start worker process 21
2023/05/27 20:34:23 [notice] 1#1: start worker process 22
2023/05/27 20:34:23 [notice] 1#1: start worker process 23
